  1>
  -- Install configuration: "Debug"
  -- Installing: E:/geos_VS2022/package/lib/geos.lib
  -- Installing: E:/geos_VS2022/package/bin/geos.dll
  -- Installing: E:/geos_VS2022/package/lib/geos_c.lib
  -- Installing: E:/geos_VS2022/package/bin/geos_c.dll
  -- Installing: E:/geos_VS2022/package/lib/cmake/GEOS/geos-targets.cmake
  -- Installing: E:/geos_VS2022/package/lib/cmake/GEOS/geos-targets-debug.cmake
  -- Installing: E:/geos_VS2022/package/lib/cmake/GEOS/geos-config.cmake
  -- Installing: E:/geos_VS2022/package/lib/cmake/GEOS/geos-config-version.cmake
  -- Installing: E:/geos_VS2022/package/include/geos
  -- Installing: E:/geos_VS2022/package/include/geos/algorithm
  -- Installing: E:/geos_VS2022/package/include/geos/algorithm/Angle.h
  -- Installing: E:/geos_VS2022/package/include/geos/algorithm/Area.h
  -- Installing: E:/geos_VS2022/package/include/geos/algorithm/BoundaryNodeRule.h
  -- Installing: E:/geos_VS2022/package/include/geos/algorithm/CentralEndpointIntersector.h
  -- Installing: E:/geos_VS2022/package/include/geos/algorithm/Centroid.h
  -- Installing: E:/geos_VS2022/package/include/geos/algorithm/CGAlgorithmsDD.h
  -- Installing: E:/geos_VS2022/package/include/geos/algorithm/construct
  -- Installing: E:/geos_VS2022/package/include/geos/algorithm/construct/LargestEmptyCircle.h
  -- Installing: E:/geos_VS2022/package/include/geos/algorithm/construct/MaximumInscribedCircle.h
  -- Installing: E:/geos_VS2022/package/include/geos/algorithm/ConvexHull.h
  -- Installing: E:/geos_VS2022/package/include/geos/algorithm/distance
  -- Installing: E:/geos_VS2022/package/include/geos/algorithm/distance/DiscreteFrechetDistance.h
  -- Installing: E:/geos_VS2022/package/include/geos/algorithm/distance/DiscreteHausdorffDistance.h
  -- Installing: E:/geos_VS2022/package/include/geos/algorithm/distance/DistanceToPoint.h
  -- Installing: E:/geos_VS2022/package/include/geos/algorithm/distance/PointPairDistance.h
  -- Installing: E:/geos_VS2022/package/include/geos/algorithm/Distance.h
  -- Installing: E:/geos_VS2022/package/include/geos/algorithm/HCoordinate.h
  -- Installing: E:/geos_VS2022/package/include/geos/algorithm/hull
  -- Installing: E:/geos_VS2022/package/include/geos/algorithm/hull/ConcaveHull.h
  -- Installing: E:/geos_VS2022/package/include/geos/algorithm/hull/ConcaveHullOfPolygons.h
  -- Installing: E:/geos_VS2022/package/include/geos/algorithm/hull/HullTri.h
  -- Installing: E:/geos_VS2022/package/include/geos/algorithm/hull/HullTriangulation.h
  -- Installing: E:/geos_VS2022/package/include/geos/algorithm/InteriorPointArea.h
  -- Installing: E:/geos_VS2022/package/include/geos/algorithm/InteriorPointLine.h
  -- Installing: E:/geos_VS2022/package/include/geos/algorithm/InteriorPointPoint.h
  -- Installing: E:/geos_VS2022/package/include/geos/algorithm/Interpolate.h
  -- Installing: E:/geos_VS2022/package/include/geos/algorithm/Intersection.h
  -- Installing: E:/geos_VS2022/package/include/geos/algorithm/Length.h
  -- Installing: E:/geos_VS2022/package/include/geos/algorithm/LineIntersector.h
  -- Installing: E:/geos_VS2022/package/include/geos/algorithm/locate
  -- Installing: E:/geos_VS2022/package/include/geos/algorithm/locate/IndexedPointInAreaLocator.h
  -- Installing: E:/geos_VS2022/package/include/geos/algorithm/locate/PointOnGeometryLocator.h
  -- Installing: E:/geos_VS2022/package/include/geos/algorithm/locate/SimplePointInAreaLocator.h
  -- Installing: E:/geos_VS2022/package/include/geos/algorithm/MinimumAreaRectangle.h
  -- Installing: E:/geos_VS2022/package/include/geos/algorithm/MinimumBoundingCircle.h
  -- Installing: E:/geos_VS2022/package/include/geos/algorithm/MinimumDiameter.h
  -- Installing: E:/geos_VS2022/package/include/geos/algorithm/NotRepresentableException.h
  -- Installing: E:/geos_VS2022/package/include/geos/algorithm/Orientation.h
  -- Installing: E:/geos_VS2022/package/include/geos/algorithm/PointInRing.h
  -- Installing: E:/geos_VS2022/package/include/geos/algorithm/PointLocation.h
  -- Installing: E:/geos_VS2022/package/include/geos/algorithm/PointLocator.h
  -- Installing: E:/geos_VS2022/package/include/geos/algorithm/PolygonNodeTopology.h
  -- Installing: E:/geos_VS2022/package/include/geos/algorithm/RayCrossingCounter.h
  -- Installing: E:/geos_VS2022/package/include/geos/algorithm/Rectangle.h
  -- Installing: E:/geos_VS2022/package/include/geos/algorithm/RobustDeterminant.h
  -- Installing: E:/geos_VS2022/package/include/geos/algorithm/SimplePointInRing.h
  -- Installing: E:/geos_VS2022/package/include/geos/constants.h
  -- Installing: E:/geos_VS2022/package/include/geos/coverage
  -- Installing: E:/geos_VS2022/package/include/geos/coverage/Corner.h
  -- Installing: E:/geos_VS2022/package/include/geos/coverage/CoverageBoundarySegmentFinder.h
  -- Installing: E:/geos_VS2022/package/include/geos/coverage/CoverageEdge.h
  -- Installing: E:/geos_VS2022/package/include/geos/coverage/CoverageGapFinder.h
  -- Installing: E:/geos_VS2022/package/include/geos/coverage/CoveragePolygonValidator.h
  -- Installing: E:/geos_VS2022/package/include/geos/coverage/CoverageRing.h
  -- Installing: E:/geos_VS2022/package/include/geos/coverage/CoverageRingEdges.h
  -- Installing: E:/geos_VS2022/package/include/geos/coverage/CoverageSimplifier.h
  -- Installing: E:/geos_VS2022/package/include/geos/coverage/CoverageUnion.h
  -- Installing: E:/geos_VS2022/package/include/geos/coverage/CoverageValidator.h
  -- Installing: E:/geos_VS2022/package/include/geos/coverage/InvalidSegmentDetector.h
  -- Installing: E:/geos_VS2022/package/include/geos/coverage/TPVWSimplifier.h
  -- Installing: E:/geos_VS2022/package/include/geos/coverage/VertexRingCounter.h
  -- Installing: E:/geos_VS2022/package/include/geos/edgegraph
  -- Installing: E:/geos_VS2022/package/include/geos/edgegraph/EdgeGraph.h
  -- Installing: E:/geos_VS2022/package/include/geos/edgegraph/EdgeGraphBuilder.h
  -- Installing: E:/geos_VS2022/package/include/geos/edgegraph/HalfEdge.h
  -- Installing: E:/geos_VS2022/package/include/geos/edgegraph/MarkHalfEdge.h
  -- Installing: E:/geos_VS2022/package/include/geos/export.h
  -- Installing: E:/geos_VS2022/package/include/geos/geom
  -- Installing: E:/geos_VS2022/package/include/geos/geom/Coordinate.h
  -- Installing: E:/geos_VS2022/package/include/geos/geom/CoordinateFilter.h
  -- Installing: E:/geos_VS2022/package/include/geos/geom/CoordinateList.h
  -- Installing: E:/geos_VS2022/package/include/geos/geom/CoordinateSequence.h
  -- Installing: E:/geos_VS2022/package/include/geos/geom/CoordinateSequenceFilter.h
  -- Installing: E:/geos_VS2022/package/include/geos/geom/CoordinateSequenceIterator.h
  -- Installing: E:/geos_VS2022/package/include/geos/geom/CoordinateSequences.h
  -- Installing: E:/geos_VS2022/package/include/geos/geom/Dimension.h
  -- Installing: E:/geos_VS2022/package/include/geos/geom/Envelope.h
  -- Installing: E:/geos_VS2022/package/include/geos/geom/Geometry.h
  -- Installing: E:/geos_VS2022/package/include/geos/geom/GeometryCollection.h
  -- Installing: E:/geos_VS2022/package/include/geos/geom/GeometryComponentFilter.h
  -- Installing: E:/geos_VS2022/package/include/geos/geom/GeometryFactory.h
  -- Installing: E:/geos_VS2022/package/include/geos/geom/GeometryFilter.h
  -- Installing: E:/geos_VS2022/package/include/geos/geom/HeuristicOverlay.h
  -- Installing: E:/geos_VS2022/package/include/geos/geom/IntersectionMatrix.h
  -- Installing: E:/geos_VS2022/package/include/geos/geom/LinearRing.h
  -- Installing: E:/geos_VS2022/package/include/geos/geom/LineSegment.h
  -- Installing: E:/geos_VS2022/package/include/geos/geom/LineString.h
  -- Installing: E:/geos_VS2022/package/include/geos/geom/Location.h
  -- Installing: E:/geos_VS2022/package/include/geos/geom/MultiLineString.h
  -- Installing: E:/geos_VS2022/package/include/geos/geom/MultiPoint.h
  -- Installing: E:/geos_VS2022/package/include/geos/geom/MultiPolygon.h
  -- Installing: E:/geos_VS2022/package/include/geos/geom/Point.h
  -- Installing: E:/geos_VS2022/package/include/geos/geom/Polygon.h
  -- Installing: E:/geos_VS2022/package/include/geos/geom/Position.h
  -- Installing: E:/geos_VS2022/package/include/geos/geom/PrecisionModel.h
  -- Installing: E:/geos_VS2022/package/include/geos/geom/prep
  -- Installing: E:/geos_VS2022/package/include/geos/geom/prep/AbstractPreparedPolygonContains.h
  -- Installing: E:/geos_VS2022/package/include/geos/geom/prep/BasicPreparedGeometry.h
  -- Installing: E:/geos_VS2022/package/include/geos/geom/prep/PreparedGeometry.h
  -- Installing: E:/geos_VS2022/package/include/geos/geom/prep/PreparedGeometryFactory.h
  -- Installing: E:/geos_VS2022/package/include/geos/geom/prep/PreparedLineString.h
  -- Installing: E:/geos_VS2022/package/include/geos/geom/prep/PreparedLineStringDistance.h
  -- Installing: E:/geos_VS2022/package/include/geos/geom/prep/PreparedLineStringIntersects.h
  -- Installing: E:/geos_VS2022/package/include/geos/geom/prep/PreparedLineStringNearestPoints.h
  -- Installing: E:/geos_VS2022/package/include/geos/geom/prep/PreparedPoint.h
  -- Installing: E:/geos_VS2022/package/include/geos/geom/prep/PreparedPolygon.h
  -- Installing: E:/geos_VS2022/package/include/geos/geom/prep/PreparedPolygonContains.h
  -- Installing: E:/geos_VS2022/package/include/geos/geom/prep/PreparedPolygonContainsProperly.h
  -- Installing: E:/geos_VS2022/package/include/geos/geom/prep/PreparedPolygonCovers.h
  -- Installing: E:/geos_VS2022/package/include/geos/geom/prep/PreparedPolygonDistance.h
  -- Installing: E:/geos_VS2022/package/include/geos/geom/prep/PreparedPolygonIntersects.h
  -- Installing: E:/geos_VS2022/package/include/geos/geom/prep/PreparedPolygonPredicate.h
  -- Installing: E:/geos_VS2022/package/include/geos/geom/Quadrant.h
  -- Installing: E:/geos_VS2022/package/include/geos/geom/Triangle.h
  -- Installing: E:/geos_VS2022/package/include/geos/geom/util
  -- Installing: E:/geos_VS2022/package/include/geos/geom/util/ComponentCoordinateExtracter.h
  -- Installing: E:/geos_VS2022/package/include/geos/geom/util/CoordinateOperation.h
  -- Installing: E:/geos_VS2022/package/include/geos/geom/util/Densifier.h
  -- Installing: E:/geos_VS2022/package/include/geos/geom/util/GeometryCombiner.h
  -- Installing: E:/geos_VS2022/package/include/geos/geom/util/GeometryEditor.h
  -- Installing: E:/geos_VS2022/package/include/geos/geom/util/GeometryEditorOperation.h
  -- Installing: E:/geos_VS2022/package/include/geos/geom/util/GeometryExtracter.h
  -- Installing: E:/geos_VS2022/package/include/geos/geom/util/GeometryFixer.h
  -- Installing: E:/geos_VS2022/package/include/geos/geom/util/GeometryMapper.h
  -- Installing: E:/geos_VS2022/package/include/geos/geom/util/GeometryTransformer.h
  -- Installing: E:/geos_VS2022/package/include/geos/geom/util/LinearComponentExtracter.h
  -- Installing: E:/geos_VS2022/package/include/geos/geom/util/NoOpGeometryOperation.h
  -- Installing: E:/geos_VS2022/package/include/geos/geom/util/PointExtracter.h
  -- Installing: E:/geos_VS2022/package/include/geos/geom/util/PolygonExtracter.h
  -- Installing: E:/geos_VS2022/package/include/geos/geom/util/ShortCircuitedGeometryVisitor.h
  -- Installing: E:/geos_VS2022/package/include/geos/geom/util/SineStarFactory.h
  -- Installing: E:/geos_VS2022/package/include/geos/geom.h
  -- Installing: E:/geos_VS2022/package/include/geos/geomgraph
  -- Installing: E:/geos_VS2022/package/include/geos/geomgraph/Depth.h
  -- Installing: E:/geos_VS2022/package/include/geos/geomgraph/DirectedEdge.h
  -- Installing: E:/geos_VS2022/package/include/geos/geomgraph/DirectedEdgeStar.h
  -- Installing: E:/geos_VS2022/package/include/geos/geomgraph/Edge.h
  -- Installing: E:/geos_VS2022/package/include/geos/geomgraph/EdgeEnd.h
  -- Installing: E:/geos_VS2022/package/include/geos/geomgraph/EdgeEndStar.h
  -- Installing: E:/geos_VS2022/package/include/geos/geomgraph/EdgeIntersection.h
  -- Installing: E:/geos_VS2022/package/include/geos/geomgraph/EdgeIntersectionList.h
  -- Installing: E:/geos_VS2022/package/include/geos/geomgraph/EdgeList.h
  -- Installing: E:/geos_VS2022/package/include/geos/geomgraph/EdgeNodingValidator.h
  -- Installing: E:/geos_VS2022/package/include/geos/geomgraph/EdgeRing.h
  -- Installing: E:/geos_VS2022/package/include/geos/geomgraph/GeometryGraph.h
  -- Installing: E:/geos_VS2022/package/include/geos/geomgraph/GraphComponent.h
  -- Installing: E:/geos_VS2022/package/include/geos/geomgraph/index
  -- Installing: E:/geos_VS2022/package/include/geos/geomgraph/index/EdgeSetIntersector.h
  -- Installing: E:/geos_VS2022/package/include/geos/geomgraph/index/MonotoneChain.h
  -- Installing: E:/geos_VS2022/package/include/geos/geomgraph/index/MonotoneChainEdge.h
  -- Installing: E:/geos_VS2022/package/include/geos/geomgraph/index/MonotoneChainIndexer.h
  -- Installing: E:/geos_VS2022/package/include/geos/geomgraph/index/SegmentIntersector.h
  -- Installing: E:/geos_VS2022/package/include/geos/geomgraph/index/SimpleEdgeSetIntersector.h
  -- Installing: E:/geos_VS2022/package/include/geos/geomgraph/index/SimpleMCSweepLineIntersector.h
  -- Installing: E:/geos_VS2022/package/include/geos/geomgraph/index/SimpleSweepLineIntersector.h
  -- Installing: E:/geos_VS2022/package/include/geos/geomgraph/index/SweepLineEvent.h
  -- Installing: E:/geos_VS2022/package/include/geos/geomgraph/index/SweepLineEventObj.h
  -- Installing: E:/geos_VS2022/package/include/geos/geomgraph/index/SweepLineSegment.h
  -- Installing: E:/geos_VS2022/package/include/geos/geomgraph/Label.h
  -- Installing: E:/geos_VS2022/package/include/geos/geomgraph/Node.h
  -- Installing: E:/geos_VS2022/package/include/geos/geomgraph/NodeFactory.h
  -- Installing: E:/geos_VS2022/package/include/geos/geomgraph/NodeMap.h
  -- Installing: E:/geos_VS2022/package/include/geos/geomgraph/PlanarGraph.h
  -- Installing: E:/geos_VS2022/package/include/geos/geomgraph/TopologyLocation.h
  -- Installing: E:/geos_VS2022/package/include/geos/index
  -- Installing: E:/geos_VS2022/package/include/geos/index/bintree
  -- Installing: E:/geos_VS2022/package/include/geos/index/bintree/Bintree.h
  -- Installing: E:/geos_VS2022/package/include/geos/index/bintree/Interval.h
  -- Installing: E:/geos_VS2022/package/include/geos/index/bintree/Key.h
  -- Installing: E:/geos_VS2022/package/include/geos/index/bintree/Node.h
  -- Installing: E:/geos_VS2022/package/include/geos/index/bintree/NodeBase.h
  -- Installing: E:/geos_VS2022/package/include/geos/index/bintree/Root.h
  -- Installing: E:/geos_VS2022/package/include/geos/index/chain
  -- Installing: E:/geos_VS2022/package/include/geos/index/chain/MonotoneChain.h
  -- Installing: E:/geos_VS2022/package/include/geos/index/chain/MonotoneChainBuilder.h
  -- Installing: E:/geos_VS2022/package/include/geos/index/chain/MonotoneChainOverlapAction.h
  -- Installing: E:/geos_VS2022/package/include/geos/index/chain/MonotoneChainSelectAction.h
  -- Installing: E:/geos_VS2022/package/include/geos/index/intervalrtree
  -- Installing: E:/geos_VS2022/package/include/geos/index/intervalrtree/IntervalRTreeBranchNode.h
  -- Installing: E:/geos_VS2022/package/include/geos/index/intervalrtree/IntervalRTreeLeafNode.h
  -- Installing: E:/geos_VS2022/package/include/geos/index/intervalrtree/IntervalRTreeNode.h
  -- Installing: E:/geos_VS2022/package/include/geos/index/intervalrtree/SortedPackedIntervalRTree.h
  -- Installing: E:/geos_VS2022/package/include/geos/index/ItemVisitor.h
  -- Installing: E:/geos_VS2022/package/include/geos/index/kdtree
  -- Installing: E:/geos_VS2022/package/include/geos/index/kdtree/KdNode.h
  -- Installing: E:/geos_VS2022/package/include/geos/index/kdtree/KdNodeVisitor.h
  -- Installing: E:/geos_VS2022/package/include/geos/index/kdtree/KdTree.h
  -- Installing: E:/geos_VS2022/package/include/geos/index/quadtree
  -- Installing: E:/geos_VS2022/package/include/geos/index/quadtree/IntervalSize.h
  -- Installing: E:/geos_VS2022/package/include/geos/index/quadtree/Key.h
  -- Installing: E:/geos_VS2022/package/include/geos/index/quadtree/Node.h
  -- Installing: E:/geos_VS2022/package/include/geos/index/quadtree/NodeBase.h
  -- Installing: E:/geos_VS2022/package/include/geos/index/quadtree/Quadtree.h
  -- Installing: E:/geos_VS2022/package/include/geos/index/quadtree/Root.h
  -- Installing: E:/geos_VS2022/package/include/geos/index/SpatialIndex.h
  -- Installing: E:/geos_VS2022/package/include/geos/index/strtree
  -- Installing: E:/geos_VS2022/package/include/geos/index/strtree/AbstractNode.h
  -- Installing: E:/geos_VS2022/package/include/geos/index/strtree/AbstractSTRtree.h
  -- Installing: E:/geos_VS2022/package/include/geos/index/strtree/Boundable.h
  -- Installing: E:/geos_VS2022/package/include/geos/index/strtree/BoundablePair.h
  -- Installing: E:/geos_VS2022/package/include/geos/index/strtree/EnvelopeUtil.h
  -- Installing: E:/geos_VS2022/package/include/geos/index/strtree/GeometryItemDistance.h
  -- Installing: E:/geos_VS2022/package/include/geos/index/strtree/Interval.h
  -- Installing: E:/geos_VS2022/package/include/geos/index/strtree/ItemBoundable.h
  -- Installing: E:/geos_VS2022/package/include/geos/index/strtree/ItemDistance.h
  -- Installing: E:/geos_VS2022/package/include/geos/index/strtree/SimpleSTRdistance.h
  -- Installing: E:/geos_VS2022/package/include/geos/index/strtree/SimpleSTRnode.h
  -- Installing: E:/geos_VS2022/package/include/geos/index/strtree/SimpleSTRtree.h
  -- Installing: E:/geos_VS2022/package/include/geos/index/strtree/SIRtree.h
  -- Installing: E:/geos_VS2022/package/include/geos/index/strtree/STRtree.h
  -- Installing: E:/geos_VS2022/package/include/geos/index/strtree/TemplateSTRNode.h
  -- Installing: E:/geos_VS2022/package/include/geos/index/strtree/TemplateSTRNodePair.h
  -- Installing: E:/geos_VS2022/package/include/geos/index/strtree/TemplateSTRtree.h
  -- Installing: E:/geos_VS2022/package/include/geos/index/strtree/TemplateSTRtreeDistance.h
  -- Installing: E:/geos_VS2022/package/include/geos/index/sweepline
  -- Installing: E:/geos_VS2022/package/include/geos/index/sweepline/SweepLineEvent.h
  -- Installing: E:/geos_VS2022/package/include/geos/index/sweepline/SweepLineIndex.h
  -- Installing: E:/geos_VS2022/package/include/geos/index/sweepline/SweepLineInterval.h
  -- Installing: E:/geos_VS2022/package/include/geos/index/sweepline/SweepLineOverlapAction.h
  -- Installing: E:/geos_VS2022/package/include/geos/index/VertexSequencePackedRtree.h
  -- Installing: E:/geos_VS2022/package/include/geos/io
  -- Installing: E:/geos_VS2022/package/include/geos/io/ByteOrderDataInStream.h
  -- Installing: E:/geos_VS2022/package/include/geos/io/ByteOrderValues.h
  -- Installing: E:/geos_VS2022/package/include/geos/io/CheckOrdinatesFilter.h
  -- Installing: E:/geos_VS2022/package/include/geos/io/CLocalizer.h
  -- Installing: E:/geos_VS2022/package/include/geos/io/GeoJSON.h
  -- Installing: E:/geos_VS2022/package/include/geos/io/GeoJSONReader.h
  -- Installing: E:/geos_VS2022/package/include/geos/io/GeoJSONWriter.h
  -- Installing: E:/geos_VS2022/package/include/geos/io/OrdinateSet.h
  -- Installing: E:/geos_VS2022/package/include/geos/io/ParseException.h
  -- Installing: E:/geos_VS2022/package/include/geos/io/StringTokenizer.h
  -- Installing: E:/geos_VS2022/package/include/geos/io/WKBConstants.h
  -- Installing: E:/geos_VS2022/package/include/geos/io/WKBReader.h
  -- Installing: E:/geos_VS2022/package/include/geos/io/WKBStreamReader.h
  -- Installing: E:/geos_VS2022/package/include/geos/io/WKBWriter.h
  -- Installing: E:/geos_VS2022/package/include/geos/io/WKTFileReader.h
  -- Installing: E:/geos_VS2022/package/include/geos/io/WKTReader.h
  -- Installing: E:/geos_VS2022/package/include/geos/io/WKTStreamReader.h
  -- Installing: E:/geos_VS2022/package/include/geos/io/WKTWriter.h
  -- Installing: E:/geos_VS2022/package/include/geos/io/Writer.h
  -- Installing: E:/geos_VS2022/package/include/geos/linearref
  -- Installing: E:/geos_VS2022/package/include/geos/linearref/ExtractLineByLocation.h
  -- Installing: E:/geos_VS2022/package/include/geos/linearref/LengthIndexedLine.h
  -- Installing: E:/geos_VS2022/package/include/geos/linearref/LengthIndexOfPoint.h
  -- Installing: E:/geos_VS2022/package/include/geos/linearref/LengthLocationMap.h
  -- Installing: E:/geos_VS2022/package/include/geos/linearref/LinearGeometryBuilder.h
  -- Installing: E:/geos_VS2022/package/include/geos/linearref/LinearIterator.h
  -- Installing: E:/geos_VS2022/package/include/geos/linearref/LinearLocation.h
  -- Installing: E:/geos_VS2022/package/include/geos/linearref/LocationIndexedLine.h
  -- Installing: E:/geos_VS2022/package/include/geos/linearref/LocationIndexOfLine.h
  -- Installing: E:/geos_VS2022/package/include/geos/linearref/LocationIndexOfPoint.h
  -- Installing: E:/geos_VS2022/package/include/geos/math
  -- Installing: E:/geos_VS2022/package/include/geos/math/DD.h
  -- Installing: E:/geos_VS2022/package/include/geos/namespaces.h
  -- Installing: E:/geos_VS2022/package/include/geos/noding
  -- Installing: E:/geos_VS2022/package/include/geos/noding/BasicSegmentString.h
  -- Installing: E:/geos_VS2022/package/include/geos/noding/BoundaryChainNoder.h
  -- Installing: E:/geos_VS2022/package/include/geos/noding/FastNodingValidator.h
  -- Installing: E:/geos_VS2022/package/include/geos/noding/FastSegmentSetIntersectionFinder.h
  -- Installing: E:/geos_VS2022/package/include/geos/noding/GeometryNoder.h
  -- Installing: E:/geos_VS2022/package/include/geos/noding/IntersectionAdder.h
  -- Installing: E:/geos_VS2022/package/include/geos/noding/IntersectionFinderAdder.h
  -- Installing: E:/geos_VS2022/package/include/geos/noding/IteratedNoder.h
  -- Installing: E:/geos_VS2022/package/include/geos/noding/MCIndexNoder.h
  -- Installing: E:/geos_VS2022/package/include/geos/noding/MCIndexSegmentSetMutualIntersector.h
  -- Installing: E:/geos_VS2022/package/include/geos/noding/NodableSegmentString.h
  -- Installing: E:/geos_VS2022/package/include/geos/noding/NodedSegmentString.h
  -- Installing: E:/geos_VS2022/package/include/geos/noding/Noder.h
  -- Installing: E:/geos_VS2022/package/include/geos/noding/NodingIntersectionFinder.h
  -- Installing: E:/geos_VS2022/package/include/geos/noding/NodingValidator.h
  -- Installing: E:/geos_VS2022/package/include/geos/noding/Octant.h
  -- Installing: E:/geos_VS2022/package/include/geos/noding/OrientedCoordinateArray.h
  -- Installing: E:/geos_VS2022/package/include/geos/noding/ScaledNoder.h
  -- Installing: E:/geos_VS2022/package/include/geos/noding/SegmentExtractingNoder.h
  -- Installing: E:/geos_VS2022/package/include/geos/noding/SegmentIntersectionDetector.h
  -- Installing: E:/geos_VS2022/package/include/geos/noding/SegmentIntersector.h
  -- Installing: E:/geos_VS2022/package/include/geos/noding/SegmentNode.h
  -- Installing: E:/geos_VS2022/package/include/geos/noding/SegmentNodeList.h
  -- Installing: E:/geos_VS2022/package/include/geos/noding/SegmentPointComparator.h
  -- Installing: E:/geos_VS2022/package/include/geos/noding/SegmentSetMutualIntersector.h
  -- Installing: E:/geos_VS2022/package/include/geos/noding/SegmentString.h
  -- Installing: E:/geos_VS2022/package/include/geos/noding/SegmentStringUtil.h
  -- Installing: E:/geos_VS2022/package/include/geos/noding/SimpleNoder.h
  -- Installing: E:/geos_VS2022/package/include/geos/noding/SinglePassNoder.h
  -- Installing: E:/geos_VS2022/package/include/geos/noding/snap
  -- Installing: E:/geos_VS2022/package/include/geos/noding/snap/SnappingIntersectionAdder.h
  -- Installing: E:/geos_VS2022/package/include/geos/noding/snap/SnappingNoder.h
  -- Installing: E:/geos_VS2022/package/include/geos/noding/snap/SnappingPointIndex.h
  -- Installing: E:/geos_VS2022/package/include/geos/noding/snapround
  -- Installing: E:/geos_VS2022/package/include/geos/noding/snapround/HotPixel.h
  -- Installing: E:/geos_VS2022/package/include/geos/noding/snapround/HotPixelIndex.h
  -- Installing: E:/geos_VS2022/package/include/geos/noding/snapround/MCIndexPointSnapper.h
  -- Installing: E:/geos_VS2022/package/include/geos/noding/snapround/MCIndexSnapRounder.h
  -- Installing: E:/geos_VS2022/package/include/geos/noding/snapround/SnapRoundingIntersectionAdder.h
  -- Installing: E:/geos_VS2022/package/include/geos/noding/snapround/SnapRoundingNoder.h
  -- Installing: E:/geos_VS2022/package/include/geos/noding/ValidatingNoder.h
  -- Installing: E:/geos_VS2022/package/include/geos/operation
  -- Installing: E:/geos_VS2022/package/include/geos/operation/BoundaryOp.h
  -- Installing: E:/geos_VS2022/package/include/geos/operation/buffer
  -- Installing: E:/geos_VS2022/package/include/geos/operation/buffer/BufferBuilder.h
  -- Installing: E:/geos_VS2022/package/include/geos/operation/buffer/BufferCurveSetBuilder.h
  -- Installing: E:/geos_VS2022/package/include/geos/operation/buffer/BufferInputLineSimplifier.h
  -- Installing: E:/geos_VS2022/package/include/geos/operation/buffer/BufferOp.h
  -- Installing: E:/geos_VS2022/package/include/geos/operation/buffer/BufferParameters.h
  -- Installing: E:/geos_VS2022/package/include/geos/operation/buffer/BufferSubgraph.h
  -- Installing: E:/geos_VS2022/package/include/geos/operation/buffer/OffsetCurve.h
  -- Installing: E:/geos_VS2022/package/include/geos/operation/buffer/OffsetCurveBuilder.h
  -- Installing: E:/geos_VS2022/package/include/geos/operation/buffer/OffsetCurveSection.h
  -- Installing: E:/geos_VS2022/package/include/geos/operation/buffer/OffsetSegmentGenerator.h
  -- Installing: E:/geos_VS2022/package/include/geos/operation/buffer/OffsetSegmentString.h
  -- Installing: E:/geos_VS2022/package/include/geos/operation/buffer/RightmostEdgeFinder.h
  -- Installing: E:/geos_VS2022/package/include/geos/operation/buffer/SegmentMCIndex.h
  -- Installing: E:/geos_VS2022/package/include/geos/operation/buffer/SubgraphDepthLocater.h
  -- Installing: E:/geos_VS2022/package/include/geos/operation/cluster
  -- Installing: E:/geos_VS2022/package/include/geos/operation/cluster/AbstractClusterFinder.h
  -- Installing: E:/geos_VS2022/package/include/geos/operation/cluster/Clusters.h
  -- Installing: E:/geos_VS2022/package/include/geos/operation/cluster/DBSCANClusterFinder.h
  -- Installing: E:/geos_VS2022/package/include/geos/operation/cluster/DisjointOperation.h
  -- Installing: E:/geos_VS2022/package/include/geos/operation/cluster/EnvelopeDistanceClusterFinder.h
  -- Installing: E:/geos_VS2022/package/include/geos/operation/cluster/EnvelopeIntersectsClusterFinder.h
  -- Installing: E:/geos_VS2022/package/include/geos/operation/cluster/GeometryDistanceClusterFinder.h
  -- Installing: E:/geos_VS2022/package/include/geos/operation/cluster/GeometryFlattener.h
  -- Installing: E:/geos_VS2022/package/include/geos/operation/cluster/GeometryIntersectsClusterFinder.h
  -- Installing: E:/geos_VS2022/package/include/geos/operation/cluster/UnionFind.h
  -- Installing: E:/geos_VS2022/package/include/geos/operation/distance
  -- Installing: E:/geos_VS2022/package/include/geos/operation/distance/ConnectedElementLocationFilter.h
  -- Installing: E:/geos_VS2022/package/include/geos/operation/distance/ConnectedElementPointFilter.h
  -- Installing: E:/geos_VS2022/package/include/geos/operation/distance/DistanceOp.h
  -- Installing: E:/geos_VS2022/package/include/geos/operation/distance/FacetSequence.h
  -- Installing: E:/geos_VS2022/package/include/geos/operation/distance/FacetSequenceTreeBuilder.h
  -- Installing: E:/geos_VS2022/package/include/geos/operation/distance/GeometryLocation.h
  -- Installing: E:/geos_VS2022/package/include/geos/operation/distance/IndexedFacetDistance.h
  -- Installing: E:/geos_VS2022/package/include/geos/operation/GeometryGraphOperation.h
  -- Installing: E:/geos_VS2022/package/include/geos/operation/intersection
  -- Installing: E:/geos_VS2022/package/include/geos/operation/intersection/Rectangle.h
  -- Installing: E:/geos_VS2022/package/include/geos/operation/intersection/RectangleIntersection.h
  -- Installing: E:/geos_VS2022/package/include/geos/operation/intersection/RectangleIntersectionBuilder.h
  -- Installing: E:/geos_VS2022/package/include/geos/operation/linemerge
  -- Installing: E:/geos_VS2022/package/include/geos/operation/linemerge/EdgeString.h
  -- Installing: E:/geos_VS2022/package/include/geos/operation/linemerge/LineMergeDirectedEdge.h
  -- Installing: E:/geos_VS2022/package/include/geos/operation/linemerge/LineMergeEdge.h
  -- Installing: E:/geos_VS2022/package/include/geos/operation/linemerge/LineMergeGraph.h
  -- Installing: E:/geos_VS2022/package/include/geos/operation/linemerge/LineMerger.h
  -- Installing: E:/geos_VS2022/package/include/geos/operation/linemerge/LineSequencer.h
  -- Installing: E:/geos_VS2022/package/include/geos/operation/overlay
  -- Installing: E:/geos_VS2022/package/include/geos/operation/overlay/MaximalEdgeRing.h
  -- Installing: E:/geos_VS2022/package/include/geos/operation/overlay/MinimalEdgeRing.h
  -- Installing: E:/geos_VS2022/package/include/geos/operation/overlay/OverlayNodeFactory.h
  -- Installing: E:/geos_VS2022/package/include/geos/operation/overlay/PolygonBuilder.h
  -- Installing: E:/geos_VS2022/package/include/geos/operation/overlay/snap
  -- Installing: E:/geos_VS2022/package/include/geos/operation/overlay/snap/GeometrySnapper.h
  -- Installing: E:/geos_VS2022/package/include/geos/operation/overlay/snap/LineStringSnapper.h
  -- Installing: E:/geos_VS2022/package/include/geos/operation/overlay/snap/SnapOverlayOp.h
  -- Installing: E:/geos_VS2022/package/include/geos/operation/overlay/validate
  -- Installing: E:/geos_VS2022/package/include/geos/operation/overlay/validate/FuzzyPointLocator.h
  -- Installing: E:/geos_VS2022/package/include/geos/operation/overlay/validate/OffsetPointGenerator.h
  -- Installing: E:/geos_VS2022/package/include/geos/operation/overlay/validate/OverlayResultValidator.h
  -- Installing: E:/geos_VS2022/package/include/geos/operation/overlayng
  -- Installing: E:/geos_VS2022/package/include/geos/operation/overlayng/CoverageUnion.h
  -- Installing: E:/geos_VS2022/package/include/geos/operation/overlayng/Edge.h
  -- Installing: E:/geos_VS2022/package/include/geos/operation/overlayng/EdgeKey.h
  -- Installing: E:/geos_VS2022/package/include/geos/operation/overlayng/EdgeMerger.h
  -- Installing: E:/geos_VS2022/package/include/geos/operation/overlayng/EdgeNodingBuilder.h
  -- Installing: E:/geos_VS2022/package/include/geos/operation/overlayng/EdgeSourceInfo.h
  -- Installing: E:/geos_VS2022/package/include/geos/operation/overlayng/ElevationModel.h
  -- Installing: E:/geos_VS2022/package/include/geos/operation/overlayng/IndexedPointOnLineLocator.h
  -- Installing: E:/geos_VS2022/package/include/geos/operation/overlayng/InputGeometry.h
  -- Installing: E:/geos_VS2022/package/include/geos/operation/overlayng/IntersectionPointBuilder.h
  -- Installing: E:/geos_VS2022/package/include/geos/operation/overlayng/LineBuilder.h
  -- Installing: E:/geos_VS2022/package/include/geos/operation/overlayng/LineLimiter.h
  -- Installing: E:/geos_VS2022/package/include/geos/operation/overlayng/MaximalEdgeRing.h
  -- Installing: E:/geos_VS2022/package/include/geos/operation/overlayng/OverlayEdge.h
  -- Installing: E:/geos_VS2022/package/include/geos/operation/overlayng/OverlayEdgeRing.h
  -- Installing: E:/geos_VS2022/package/include/geos/operation/overlayng/OverlayGraph.h
  -- Installing: E:/geos_VS2022/package/include/geos/operation/overlayng/OverlayLabel.h
  -- Installing: E:/geos_VS2022/package/include/geos/operation/overlayng/OverlayLabeller.h
  -- Installing: E:/geos_VS2022/package/include/geos/operation/overlayng/OverlayMixedPoints.h
  -- Installing: E:/geos_VS2022/package/include/geos/operation/overlayng/OverlayNG.h
  -- Installing: E:/geos_VS2022/package/include/geos/operation/overlayng/OverlayNGRobust.h
  -- Installing: E:/geos_VS2022/package/include/geos/operation/overlayng/OverlayPoints.h
  -- Installing: E:/geos_VS2022/package/include/geos/operation/overlayng/OverlayUtil.h
  -- Installing: E:/geos_VS2022/package/include/geos/operation/overlayng/PolygonBuilder.h
  -- Installing: E:/geos_VS2022/package/include/geos/operation/overlayng/PrecisionReducer.h
  -- Installing: E:/geos_VS2022/package/include/geos/operation/overlayng/PrecisionUtil.h
  -- Installing: E:/geos_VS2022/package/include/geos/operation/overlayng/RingClipper.h
  -- Installing: E:/geos_VS2022/package/include/geos/operation/overlayng/RobustClipEnvelopeComputer.h
  -- Installing: E:/geos_VS2022/package/include/geos/operation/overlayng/UnaryUnionNG.h
  -- Installing: E:/geos_VS2022/package/include/geos/operation/polygonize
  -- Installing: E:/geos_VS2022/package/include/geos/operation/polygonize/BuildArea.h
  -- Installing: E:/geos_VS2022/package/include/geos/operation/polygonize/EdgeRing.h
  -- Installing: E:/geos_VS2022/package/include/geos/operation/polygonize/HoleAssigner.h
  -- Installing: E:/geos_VS2022/package/include/geos/operation/polygonize/PolygonizeDirectedEdge.h
  -- Installing: E:/geos_VS2022/package/include/geos/operation/polygonize/PolygonizeEdge.h
  -- Installing: E:/geos_VS2022/package/include/geos/operation/polygonize/PolygonizeGraph.h
  -- Installing: E:/geos_VS2022/package/include/geos/operation/polygonize/Polygonizer.h
  -- Installing: E:/geos_VS2022/package/include/geos/operation/predicate
  -- Installing: E:/geos_VS2022/package/include/geos/operation/predicate/RectangleContains.h
  -- Installing: E:/geos_VS2022/package/include/geos/operation/predicate/RectangleIntersects.h
  -- Installing: E:/geos_VS2022/package/include/geos/operation/predicate/SegmentIntersectionTester.h
  -- Installing: E:/geos_VS2022/package/include/geos/operation/relate
  -- Installing: E:/geos_VS2022/package/include/geos/operation/relate/EdgeEndBuilder.h
  -- Installing: E:/geos_VS2022/package/include/geos/operation/relate/EdgeEndBundle.h
  -- Installing: E:/geos_VS2022/package/include/geos/operation/relate/EdgeEndBundleStar.h
  -- Installing: E:/geos_VS2022/package/include/geos/operation/relate/RelateComputer.h
  -- Installing: E:/geos_VS2022/package/include/geos/operation/relate/RelateNode.h
  -- Installing: E:/geos_VS2022/package/include/geos/operation/relate/RelateNodeFactory.h
  -- Installing: E:/geos_VS2022/package/include/geos/operation/relate/RelateNodeGraph.h
  -- Installing: E:/geos_VS2022/package/include/geos/operation/relate/RelateOp.h
  -- Installing: E:/geos_VS2022/package/include/geos/operation/sharedpaths
  -- Installing: E:/geos_VS2022/package/include/geos/operation/sharedpaths/SharedPathsOp.h
  -- Installing: E:/geos_VS2022/package/include/geos/operation/union
  -- Installing: E:/geos_VS2022/package/include/geos/operation/union/CascadedPolygonUnion.h
  -- Installing: E:/geos_VS2022/package/include/geos/operation/union/CoverageUnion.h
  -- Installing: E:/geos_VS2022/package/include/geos/operation/union/DisjointSubsetUnion.h
  -- Installing: E:/geos_VS2022/package/include/geos/operation/union/OverlapUnion.h
  -- Installing: E:/geos_VS2022/package/include/geos/operation/union/PointGeometryUnion.h
  -- Installing: E:/geos_VS2022/package/include/geos/operation/union/UnaryUnionOp.h
  -- Installing: E:/geos_VS2022/package/include/geos/operation/union/UnionStrategy.h
  -- Installing: E:/geos_VS2022/package/include/geos/operation/valid
  -- Installing: E:/geos_VS2022/package/include/geos/operation/valid/ConsistentAreaTester.h
  -- Installing: E:/geos_VS2022/package/include/geos/operation/valid/IndexedNestedHoleTester.h
  -- Installing: E:/geos_VS2022/package/include/geos/operation/valid/IndexedNestedPolygonTester.h
  -- Installing: E:/geos_VS2022/package/include/geos/operation/valid/IsSimpleOp.h
  -- Installing: E:/geos_VS2022/package/include/geos/operation/valid/IsValidOp.h
  -- Installing: E:/geos_VS2022/package/include/geos/operation/valid/MakeValid.h
  -- Installing: E:/geos_VS2022/package/include/geos/operation/valid/PolygonIntersectionAnalyzer.h
  -- Installing: E:/geos_VS2022/package/include/geos/operation/valid/PolygonRing.h
  -- Installing: E:/geos_VS2022/package/include/geos/operation/valid/PolygonRingSelfNode.h
  -- Installing: E:/geos_VS2022/package/include/geos/operation/valid/PolygonRingTouch.h
  -- Installing: E:/geos_VS2022/package/include/geos/operation/valid/PolygonTopologyAnalyzer.h
  -- Installing: E:/geos_VS2022/package/include/geos/operation/valid/RepeatedPointRemover.h
  -- Installing: E:/geos_VS2022/package/include/geos/operation/valid/RepeatedPointTester.h
  -- Installing: E:/geos_VS2022/package/include/geos/operation/valid/TopologyValidationError.h
  -- Installing: E:/geos_VS2022/package/include/geos/planargraph
  -- Installing: E:/geos_VS2022/package/include/geos/planargraph/algorithm
  -- Installing: E:/geos_VS2022/package/include/geos/planargraph/algorithm/ConnectedSubgraphFinder.h
  -- Installing: E:/geos_VS2022/package/include/geos/planargraph/DirectedEdge.h
  -- Installing: E:/geos_VS2022/package/include/geos/planargraph/DirectedEdgeStar.h
  -- Installing: E:/geos_VS2022/package/include/geos/planargraph/Edge.h
  -- Installing: E:/geos_VS2022/package/include/geos/planargraph/GraphComponent.h
  -- Installing: E:/geos_VS2022/package/include/geos/planargraph/Node.h
  -- Installing: E:/geos_VS2022/package/include/geos/planargraph/NodeMap.h
  -- Installing: E:/geos_VS2022/package/include/geos/planargraph/PlanarGraph.h
  -- Installing: E:/geos_VS2022/package/include/geos/planargraph/Subgraph.h
  -- Installing: E:/geos_VS2022/package/include/geos/precision
  -- Installing: E:/geos_VS2022/package/include/geos/precision/CommonBits.h
  -- Installing: E:/geos_VS2022/package/include/geos/precision/CommonBitsOp.h
  -- Installing: E:/geos_VS2022/package/include/geos/precision/CommonBitsRemover.h
  -- Installing: E:/geos_VS2022/package/include/geos/precision/EnhancedPrecisionOp.h
  -- Installing: E:/geos_VS2022/package/include/geos/precision/GeometryPrecisionReducer.h
  -- Installing: E:/geos_VS2022/package/include/geos/precision/MinimumClearance.h
  -- Installing: E:/geos_VS2022/package/include/geos/precision/PointwisePrecisionReducerTransformer.h
  -- Installing: E:/geos_VS2022/package/include/geos/precision/PrecisionReducerCoordinateOperation.h
  -- Installing: E:/geos_VS2022/package/include/geos/precision/PrecisionReducerTransformer.h
  -- Installing: E:/geos_VS2022/package/include/geos/precision/SimpleGeometryPrecisionReducer.h
  -- Installing: E:/geos_VS2022/package/include/geos/profiler.h
  -- Installing: E:/geos_VS2022/package/include/geos/shape
  -- Installing: E:/geos_VS2022/package/include/geos/shape/fractal
  -- Installing: E:/geos_VS2022/package/include/geos/shape/fractal/HilbertCode.h
  -- Installing: E:/geos_VS2022/package/include/geos/shape/fractal/HilbertEncoder.h
  -- Installing: E:/geos_VS2022/package/include/geos/shape/fractal/MortonCode.h
  -- Installing: E:/geos_VS2022/package/include/geos/simplify
  -- Installing: E:/geos_VS2022/package/include/geos/simplify/DouglasPeuckerLineSimplifier.h
  -- Installing: E:/geos_VS2022/package/include/geos/simplify/DouglasPeuckerSimplifier.h
  -- Installing: E:/geos_VS2022/package/include/geos/simplify/LineSegmentIndex.h
  -- Installing: E:/geos_VS2022/package/include/geos/simplify/LinkedLine.h
  -- Installing: E:/geos_VS2022/package/include/geos/simplify/LinkedRing.h
  -- Installing: E:/geos_VS2022/package/include/geos/simplify/PolygonHullSimplifier.h
  -- Installing: E:/geos_VS2022/package/include/geos/simplify/RingHull.h
  -- Installing: E:/geos_VS2022/package/include/geos/simplify/RingHullIndex.h
  -- Installing: E:/geos_VS2022/package/include/geos/simplify/TaggedLineSegment.h
  -- Installing: E:/geos_VS2022/package/include/geos/simplify/TaggedLinesSimplifier.h
  -- Installing: E:/geos_VS2022/package/include/geos/simplify/TaggedLineString.h
  -- Installing: E:/geos_VS2022/package/include/geos/simplify/TaggedLineStringSimplifier.h
  -- Installing: E:/geos_VS2022/package/include/geos/simplify/TopologyPreservingSimplifier.h
  -- Installing: E:/geos_VS2022/package/include/geos/triangulate
  -- Installing: E:/geos_VS2022/package/include/geos/triangulate/DelaunayTriangulationBuilder.h
  -- Installing: E:/geos_VS2022/package/include/geos/triangulate/IncrementalDelaunayTriangulator.h
  -- Installing: E:/geos_VS2022/package/include/geos/triangulate/polygon
  -- Installing: E:/geos_VS2022/package/include/geos/triangulate/polygon/ConstrainedDelaunayTriangulator.h
  -- Installing: E:/geos_VS2022/package/include/geos/triangulate/polygon/PolygonEarClipper.h
  -- Installing: E:/geos_VS2022/package/include/geos/triangulate/polygon/PolygonHoleJoiner.h
  -- Installing: E:/geos_VS2022/package/include/geos/triangulate/polygon/PolygonNoder.h
  -- Installing: E:/geos_VS2022/package/include/geos/triangulate/polygon/PolygonTriangulator.h
  -- Installing: E:/geos_VS2022/package/include/geos/triangulate/polygon/TriDelaunayImprover.h
  -- Installing: E:/geos_VS2022/package/include/geos/triangulate/quadedge
  -- Installing: E:/geos_VS2022/package/include/geos/triangulate/quadedge/LastFoundQuadEdgeLocator.h
  -- Installing: E:/geos_VS2022/package/include/geos/triangulate/quadedge/LocateFailureException.h
  -- Installing: E:/geos_VS2022/package/include/geos/triangulate/quadedge/QuadEdge.h
  -- Installing: E:/geos_VS2022/package/include/geos/triangulate/quadedge/QuadEdgeLocator.h
  -- Installing: E:/geos_VS2022/package/include/geos/triangulate/quadedge/QuadEdgeQuartet.h
  -- Installing: E:/geos_VS2022/package/include/geos/triangulate/quadedge/QuadEdgeSubdivision.h
  -- Installing: E:/geos_VS2022/package/include/geos/triangulate/quadedge/TrianglePredicate.h
  -- Installing: E:/geos_VS2022/package/include/geos/triangulate/quadedge/TriangleVisitor.h
  -- Installing: E:/geos_VS2022/package/include/geos/triangulate/quadedge/Vertex.h
  -- Installing: E:/geos_VS2022/package/include/geos/triangulate/tri
  -- Installing: E:/geos_VS2022/package/include/geos/triangulate/tri/Tri.h
  -- Installing: E:/geos_VS2022/package/include/geos/triangulate/tri/TriangulationBuilder.h
  -- Installing: E:/geos_VS2022/package/include/geos/triangulate/tri/TriEdge.h
  -- Installing: E:/geos_VS2022/package/include/geos/triangulate/tri/TriList.h
  -- Installing: E:/geos_VS2022/package/include/geos/triangulate/VoronoiDiagramBuilder.h
  -- Installing: E:/geos_VS2022/package/include/geos/unload.h
  -- Installing: E:/geos_VS2022/package/include/geos/util
  -- Installing: E:/geos_VS2022/package/include/geos/util/Assert.h
  -- Installing: E:/geos_VS2022/package/include/geos/util/AssertionFailedException.h
  -- Installing: E:/geos_VS2022/package/include/geos/util/CoordinateArrayFilter.h
  -- Installing: E:/geos_VS2022/package/include/geos/util/GeometricShapeFactory.h
  -- Installing: E:/geos_VS2022/package/include/geos/util/GEOSException.h
  -- Installing: E:/geos_VS2022/package/include/geos/util/IllegalArgumentException.h
  -- Installing: E:/geos_VS2022/package/include/geos/util/IllegalStateException.h
  -- Installing: E:/geos_VS2022/package/include/geos/util/Interrupt.h
  -- Installing: E:/geos_VS2022/package/include/geos/util/Machine.h
  -- Installing: E:/geos_VS2022/package/include/geos/util/math.h
  -- Installing: E:/geos_VS2022/package/include/geos/util/string.h
  -- Installing: E:/geos_VS2022/package/include/geos/util/TopologyException.h
  -- Installing: E:/geos_VS2022/package/include/geos/util/UniqueCoordinateArrayFilter.h
  -- Installing: E:/geos_VS2022/package/include/geos/util/UnsupportedOperationException.h
  -- Installing: E:/geos_VS2022/package/include/geos/util.h
  -- Installing: E:/geos_VS2022/package/include/geos/vend
  -- Up-to-date: E:/geos_VS2022/package/include/geos
  -- Installing: E:/geos_VS2022/package/include/geos/version.h
  -- Up-to-date: E:/geos_VS2022/package/include/geos
  -- Up-to-date: E:/geos_VS2022/package/include/geos/algorithm
  -- Up-to-date: E:/geos_VS2022/package/include/geos/algorithm/construct
  -- Up-to-date: E:/geos_VS2022/package/include/geos/algorithm/distance
  -- Up-to-date: E:/geos_VS2022/package/include/geos/algorithm/hull
  -- Up-to-date: E:/geos_VS2022/package/include/geos/algorithm/locate
  -- Up-to-date: E:/geos_VS2022/package/include/geos/coverage
  -- Up-to-date: E:/geos_VS2022/package/include/geos/edgegraph
  -- Up-to-date: E:/geos_VS2022/package/include/geos/geom
  -- Up-to-date: E:/geos_VS2022/package/include/geos/geom/prep
  -- Up-to-date: E:/geos_VS2022/package/include/geos/geom/util
  -- Up-to-date: E:/geos_VS2022/package/include/geos/geomgraph
  -- Up-to-date: E:/geos_VS2022/package/include/geos/geomgraph/index
  -- Up-to-date: E:/geos_VS2022/package/include/geos/index
  -- Up-to-date: E:/geos_VS2022/package/include/geos/index/bintree
  -- Up-to-date: E:/geos_VS2022/package/include/geos/index/chain
  -- Up-to-date: E:/geos_VS2022/package/include/geos/index/intervalrtree
  -- Up-to-date: E:/geos_VS2022/package/include/geos/index/kdtree
  -- Up-to-date: E:/geos_VS2022/package/include/geos/index/quadtree
  -- Up-to-date: E:/geos_VS2022/package/include/geos/index/strtree
  -- Up-to-date: E:/geos_VS2022/package/include/geos/index/sweepline
  -- Up-to-date: E:/geos_VS2022/package/include/geos/io
  -- Up-to-date: E:/geos_VS2022/package/include/geos/linearref
  -- Up-to-date: E:/geos_VS2022/package/include/geos/math
  -- Up-to-date: E:/geos_VS2022/package/include/geos/noding
  -- Up-to-date: E:/geos_VS2022/package/include/geos/noding/snap
  -- Up-to-date: E:/geos_VS2022/package/include/geos/noding/snapround
  -- Up-to-date: E:/geos_VS2022/package/include/geos/operation
  -- Up-to-date: E:/geos_VS2022/package/include/geos/operation/buffer
  -- Up-to-date: E:/geos_VS2022/package/include/geos/operation/cluster
  -- Up-to-date: E:/geos_VS2022/package/include/geos/operation/distance
  -- Up-to-date: E:/geos_VS2022/package/include/geos/operation/intersection
  -- Up-to-date: E:/geos_VS2022/package/include/geos/operation/linemerge
  -- Up-to-date: E:/geos_VS2022/package/include/geos/operation/overlay
  -- Up-to-date: E:/geos_VS2022/package/include/geos/operation/overlay/snap
  -- Up-to-date: E:/geos_VS2022/package/include/geos/operation/overlay/validate
  -- Up-to-date: E:/geos_VS2022/package/include/geos/operation/overlayng
  -- Up-to-date: E:/geos_VS2022/package/include/geos/operation/polygonize
  -- Up-to-date: E:/geos_VS2022/package/include/geos/operation/predicate
  -- Up-to-date: E:/geos_VS2022/package/include/geos/operation/relate
  -- Up-to-date: E:/geos_VS2022/package/include/geos/operation/sharedpaths
  -- Up-to-date: E:/geos_VS2022/package/include/geos/operation/union
  -- Up-to-date: E:/geos_VS2022/package/include/geos/operation/valid
  -- Up-to-date: E:/geos_VS2022/package/include/geos/planargraph
  -- Up-to-date: E:/geos_VS2022/package/include/geos/planargraph/algorithm
  -- Up-to-date: E:/geos_VS2022/package/include/geos/precision
  -- Up-to-date: E:/geos_VS2022/package/include/geos/shape
  -- Up-to-date: E:/geos_VS2022/package/include/geos/shape/fractal
  -- Up-to-date: E:/geos_VS2022/package/include/geos/simplify
  -- Up-to-date: E:/geos_VS2022/package/include/geos/triangulate
  -- Up-to-date: E:/geos_VS2022/package/include/geos/triangulate/polygon
  -- Up-to-date: E:/geos_VS2022/package/include/geos/triangulate/quadedge
  -- Up-to-date: E:/geos_VS2022/package/include/geos/triangulate/tri
  -- Up-to-date: E:/geos_VS2022/package/include/geos/util
  -- Up-to-date: E:/geos_VS2022/package/include/geos/vend
  -- Installing: E:/geos_VS2022/package/include/geos/vend/include_nlohmann_json.hpp
  -- Installing: E:/geos_VS2022/package/include/geos/vend/json.hpp
  -- Up-to-date: E:/geos_VS2022/package/include/geos
  -- Installing: E:/geos_VS2022/package/include/geos_c.h
  -- Installing: E:/geos_VS2022/package/include/geos.h
  -- Installing: E:/geos_VS2022/package/bin/geosop.exe
