  Building Custom Rule E:/geos_VS2022/CMakeLists.txt
  Angle.cpp
  Area.cpp
  BoundaryNodeRule.cpp
  CGAlgorithmsDD.cpp
  Centroid.cpp
  ConvexHull.cpp
  Distance.cpp
  HCoordinate.cpp
  InteriorPointArea.cpp
  InteriorPointLine.cpp
  InteriorPointPoint.cpp
  Intersection.cpp
  Length.cpp
  LineIntersector.cpp
  MinimumAreaRectangle.cpp
  MinimumBoundingCircle.cpp
  MinimumDiameter.cpp
  NotRepresentableException.cpp
  Orientation.cpp
  PointLocation.cpp
  正在生成代码...
  正在编译...
  PointLocator.cpp
  PolygonNodeTopology.cpp
  RayCrossingCounter.cpp
  RobustDeterminant.cpp
  SimplePointInRing.cpp
  LargestEmptyCircle.cpp
  MaximumInscribedCircle.cpp
  DiscreteFrechetDistance.cpp
  DiscreteHausdorffDistance.cpp
  DistanceToPoint.cpp
  ConcaveHull.cpp
  ConcaveHullOfPolygons.cpp
  HullTri.cpp
  HullTriangulation.cpp
  IndexedPointInAreaLocator.cpp
  PointOnGeometryLocator.cpp
  SimplePointInAreaLocator.cpp
  Corner.cpp
  CoverageBoundarySegmentFinder.cpp
  CoverageEdge.cpp
  正在生成代码...
  正在编译...
  CoverageGapFinder.cpp
  CoveragePolygonValidator.cpp
  CoverageRing.cpp
  CoverageRingEdges.cpp
  CoverageSimplifier.cpp
  CoverageValidator.cpp
  InvalidSegmentDetector.cpp
  TPVWSimplifier.cpp
  VertexRingCounter.cpp
  EdgeGraph.cpp
  EdgeGraphBuilder.cpp
  HalfEdge.cpp
  MarkHalfEdge.cpp
  Coordinate.cpp
  CoordinateSequence.cpp
  Dimension.cpp
  Envelope.cpp
  Geometry.cpp
  GeometryCollection.cpp
  GeometryComponentFilter.cpp
  正在生成代码...
  正在编译...
  GeometryFactory.cpp
  HeuristicOverlay.cpp
  IntersectionMatrix.cpp
  LineSegment.cpp
  LineString.cpp
  LinearRing.cpp
  Location.cpp
  MultiLineString.cpp
  MultiPoint.cpp
  MultiPolygon.cpp
  Point.cpp
  Polygon.cpp
  Position.cpp
  PrecisionModel.cpp
  Quadrant.cpp
  Triangle.cpp
  AbstractPreparedPolygonContains.cpp
  BasicPreparedGeometry.cpp
  PreparedGeometry.cpp
  PreparedGeometryFactory.cpp
  正在生成代码...
  正在编译...
  PreparedLineString.cpp
  PreparedLineStringDistance.cpp
  PreparedLineStringIntersects.cpp
  PreparedLineStringNearestPoints.cpp
  PreparedPoint.cpp
  PreparedPolygon.cpp
  PreparedPolygonContains.cpp
  PreparedPolygonContainsProperly.cpp
  PreparedPolygonCovers.cpp
  PreparedPolygonDistance.cpp
  PreparedPolygonIntersects.cpp
  PreparedPolygonPredicate.cpp
  ComponentCoordinateExtracter.cpp
  CoordinateOperation.cpp
  Densifier.cpp
  GeometryCombiner.cpp
  GeometryEditor.cpp
  GeometryFixer.cpp
  GeometryMapper.cpp
  GeometryTransformer.cpp
  正在生成代码...
  正在编译...
  LinearComponentExtracter.cpp
  NoOpGeometryOperation.cpp
  PointExtracter.cpp
  PolygonExtracter.cpp
  ShortCircuitedGeometryVisitor.cpp
  SineStarFactory.cpp
  Depth.cpp
  EdgeEnd.cpp
  EdgeEndStar.cpp
  EdgeIntersectionList.cpp
  EdgeList.cpp
  EdgeNodingValidator.cpp
  GeometryGraph.cpp
  GraphComponent.cpp
  Label.cpp
  NodeFactory.cpp
  TopologyLocation.cpp
  MonotoneChainEdge.cpp
  MonotoneChainIndexer.cpp
  SegmentIntersector.cpp
  正在生成代码...
  正在编译...
  SimpleEdgeSetIntersector.cpp
  SimpleMCSweepLineIntersector.cpp
  SimpleSweepLineIntersector.cpp
  SweepLineSegment.cpp
  VertexSequencePackedRtree.cpp
  Bintree.cpp
  MonotoneChain.cpp
  MonotoneChainBuilder.cpp
  MonotoneChainOverlapAction.cpp
  MonotoneChainSelectAction.cpp
  IntervalRTreeBranchNode.cpp
  IntervalRTreeLeafNode.cpp
  SortedPackedIntervalRTree.cpp
  KdNode.cpp
  KdTree.cpp
  IntervalSize.cpp
  Quadtree.cpp
  AbstractSTRtree.cpp
  BoundablePair.cpp
  EnvelopeUtil.cpp
  正在生成代码...
  正在编译...
  GeometryItemDistance.cpp
  SIRtree.cpp
  STRtree.cpp
  SimpleSTRdistance.cpp
  SimpleSTRnode.cpp
  SimpleSTRtree.cpp
  SweepLineIndex.cpp
  SweepLineInterval.cpp
  ByteOrderDataInStream.cpp
  ByteOrderValues.cpp
  CLocalizer.cpp
  GeoJSON.cpp
  GeoJSONReader.cpp
  GeoJSONWriter.cpp
  ParseException.cpp
  StringTokenizer.cpp
  Unload.cpp
  WKBReader.cpp
  WKBStreamReader.cpp
  WKBWriter.cpp
  正在生成代码...
  正在编译...
  WKTFileReader.cpp
  WKTReader.cpp
  WKTStreamReader.cpp
  WKTWriter.cpp
  Writer.cpp
  ExtractLineByLocation.cpp
  LengthIndexOfPoint.cpp
  LengthIndexedLine.cpp
  LengthLocationMap.cpp
  LinearGeometryBuilder.cpp
  LinearIterator.cpp
  LinearLocation.cpp
  LocationIndexOfLine.cpp
  LocationIndexOfPoint.cpp
  DD.cpp
  BasicSegmentString.cpp
  BoundaryChainNoder.cpp
  FastNodingValidator.cpp
  FastSegmentSetIntersectionFinder.cpp
  GeometryNoder.cpp
  正在生成代码...
  正在编译...
  IntersectionAdder.cpp
  IntersectionFinderAdder.cpp
  IteratedNoder.cpp
  MCIndexNoder.cpp
  MCIndexSegmentSetMutualIntersector.cpp
  NodedSegmentString.cpp
  NodingIntersectionFinder.cpp
  NodingValidator.cpp
  Octant.cpp
  OrientedCoordinateArray.cpp
  ScaledNoder.cpp
  SegmentExtractingNoder.cpp
  SegmentIntersectionDetector.cpp
  SegmentNode.cpp
  SegmentNodeList.cpp
  SegmentString.cpp
  SegmentStringUtil.cpp
  SimpleNoder.cpp
  ValidatingNoder.cpp
  SnappingIntersectionAdder.cpp
  正在生成代码...
  正在编译...
  SnappingNoder.cpp
  SnappingPointIndex.cpp
  HotPixel.cpp
  HotPixelIndex.cpp
  MCIndexPointSnapper.cpp
  MCIndexSnapRounder.cpp
  SnapRoundingIntersectionAdder.cpp
  SnapRoundingNoder.cpp
  BoundaryOp.cpp
  GeometryGraphOperation.cpp
  BufferBuilder.cpp
  BufferCurveSetBuilder.cpp
  BufferInputLineSimplifier.cpp
  BufferOp.cpp
  BufferParameters.cpp
  BufferSubgraph.cpp
  OffsetCurve.cpp
  OffsetCurveBuilder.cpp
  OffsetCurveSection.cpp
  OffsetSegmentGenerator.cpp
  正在生成代码...
  正在编译...
  RightmostEdgeFinder.cpp
  SegmentMCIndex.cpp
  SubgraphDepthLocater.cpp
  AbstractClusterFinder.cpp
  Clusters.cpp
  DBSCANClusterFinder.cpp
  GeometryFlattener.cpp
  UnionFind.cpp
  ConnectedElementLocationFilter.cpp
  ConnectedElementPointFilter.cpp
  DistanceOp.cpp
  FacetSequence.cpp
  FacetSequenceTreeBuilder.cpp
  GeometryLocation.cpp
  IndexedFacetDistance.cpp
  RectangleIntersection.cpp
  RectangleIntersectionBuilder.cpp
  EdgeString.cpp
  LineMergeDirectedEdge.cpp
  LineMergeEdge.cpp
  正在生成代码...
  正在编译...
  LineMergeGraph.cpp
  LineMerger.cpp
  LineSequencer.cpp
  MinimalEdgeRing.cpp
  OverlayNodeFactory.cpp
  GeometrySnapper.cpp
  LineStringSnapper.cpp
  SnapOverlayOp.cpp
  FuzzyPointLocator.cpp
  OffsetPointGenerator.cpp
  OverlayResultValidator.cpp
  EdgeKey.cpp
  EdgeMerger.cpp
  EdgeNodingBuilder.cpp
  EdgeSourceInfo.cpp
  ElevationModel.cpp
  IndexedPointOnLineLocator.cpp
  InputGeometry.cpp
  IntersectionPointBuilder.cpp
  LineBuilder.cpp
  正在生成代码...
  正在编译...
  LineLimiter.cpp
  OverlayEdge.cpp
  OverlayEdgeRing.cpp
  OverlayGraph.cpp
  OverlayLabel.cpp
  OverlayLabeller.cpp
  OverlayMixedPoints.cpp
  OverlayNG.cpp
  OverlayNGRobust.cpp
  OverlayPoints.cpp
  OverlayUtil.cpp
  PrecisionReducer.cpp
  PrecisionUtil.cpp
  RingClipper.cpp
  RobustClipEnvelopeComputer.cpp
  UnaryUnionNG.cpp
  BuildArea.cpp
  HoleAssigner.cpp
  PolygonizeDirectedEdge.cpp
  PolygonizeEdge.cpp
  正在生成代码...
  正在编译...
  PolygonizeGraph.cpp
  Polygonizer.cpp
  RectangleContains.cpp
  RectangleIntersects.cpp
  SegmentIntersectionTester.cpp
  EdgeEndBuilder.cpp
  EdgeEndBundle.cpp
  EdgeEndBundleStar.cpp
  RelateComputer.cpp
  RelateNode.cpp
  RelateNodeFactory.cpp
  RelateNodeGraph.cpp
  RelateOp.cpp
  SharedPathsOp.cpp
  CascadedPolygonUnion.cpp
  OverlapUnion.cpp
  PointGeometryUnion.cpp
  UnaryUnionOp.cpp
  UnionStrategy.cpp
  IndexedNestedHoleTester.cpp
  正在生成代码...
  正在编译...
  IndexedNestedPolygonTester.cpp
  IsSimpleOp.cpp
  IsValidOp.cpp
  MakeValid.cpp
  PolygonIntersectionAnalyzer.cpp
  PolygonRing.cpp
  PolygonRingSelfNode.cpp
  PolygonRingTouch.cpp
  PolygonTopologyAnalyzer.cpp
  RepeatedPointRemover.cpp
  RepeatedPointTester.cpp
  TopologyValidationError.cpp
  Subgraph.cpp
  ConnectedSubgraphFinder.cpp
  CommonBits.cpp
  CommonBitsOp.cpp
  CommonBitsRemover.cpp
  EnhancedPrecisionOp.cpp
  GeometryPrecisionReducer.cpp
  MinimumClearance.cpp
  正在生成代码...
  正在编译...
  PointwisePrecisionReducerTransformer.cpp
  PrecisionReducerCoordinateOperation.cpp
  PrecisionReducerTransformer.cpp
  SimpleGeometryPrecisionReducer.cpp
  HilbertCode.cpp
  HilbertEncoder.cpp
  MortonCode.cpp
  DouglasPeuckerLineSimplifier.cpp
  DouglasPeuckerSimplifier.cpp
  LineSegmentIndex.cpp
  LinkedLine.cpp
  LinkedRing.cpp
  PolygonHullSimplifier.cpp
  RingHull.cpp
  RingHullIndex.cpp
  TaggedLineSegment.cpp
  TaggedLineString.cpp
  TaggedLineStringSimplifier.cpp
  TaggedLinesSimplifier.cpp
  TopologyPreservingSimplifier.cpp
  正在生成代码...
  正在编译...
  DelaunayTriangulationBuilder.cpp
  IncrementalDelaunayTriangulator.cpp
  VoronoiDiagramBuilder.cpp
  ConstrainedDelaunayTriangulator.cpp
  PolygonEarClipper.cpp
  PolygonHoleJoiner.cpp
  PolygonNoder.cpp
  PolygonTriangulator.cpp
  TriDelaunayImprover.cpp
  LastFoundQuadEdgeLocator.cpp
  LocateFailureException.cpp
  QuadEdge.cpp
  QuadEdgeSubdivision.cpp
  TrianglePredicate.cpp
  Vertex.cpp
  Tri.cpp
  TriEdge.cpp
  TriangulationBuilder.cpp
  Assert.cpp
  GeometricShapeFactory.cpp
  正在生成代码...
  正在编译...
  Interrupt.cpp
  Profiler.cpp
  math.cpp
  string.cpp
  正在生成代码...
  Rectangle.cpp
  CoverageUnion.cpp
  DirectedEdge.cpp
  DirectedEdgeStar.cpp
  Edge.cpp
  EdgeRing.cpp
  Node.cpp
  NodeMap.cpp
  PlanarGraph.cpp
  SweepLineEvent.cpp
  Interval.cpp
  Key.cpp
  Node.cpp
  NodeBase.cpp
  Root.cpp
  Key.cpp
  Node.cpp
  NodeBase.cpp
  Root.cpp
  Interval.cpp
  SweepLineEvent.cpp
  Rectangle.cpp
  MaximalEdgeRing.cpp
  PolygonBuilder.cpp
  CoverageUnion.cpp
  Edge.cpp
  MaximalEdgeRing.cpp
  PolygonBuilder.cpp
  EdgeRing.cpp
  CoverageUnion.cpp
  DirectedEdge.cpp
  DirectedEdgeStar.cpp
  Edge.cpp
  Node.cpp
  NodeMap.cpp
  PlanarGraph.cpp
    正在创建库 E:/geos_VS2022/build/lib/Release/geos.lib 和对象 E:/geos_VS2022/build/lib/Release/geos.exp
  geos.vcxproj -> E:\geos_VS2022\build\bin\Release\geos.dll
